2021-03-09 21:06:52,491 [      0]   INFO - etbrains.jps.cmdline.BuildMain - ==================================================
2021-03-09 21:06:52,491 [      0]   INFO - etbrains.jps.cmdline.BuildMain - Build process started. Classpath: /home/verobuckina/.gradle/caches/modules-2/files-2.1/com.jetbrains.intellij.idea/ideaIC/2020.3.2/13938c2ba003ffe980f450345eea516cd9c2375f/ideaIC-2020.3.2/plugins/java/lib/jps-launcher.jar
2021-03-09 21:06:52,627 [    136]   INFO - etbrains.jps.cmdline.BuildMain - Connection to IDE established in 112 ms
2021-03-09 21:06:52,721 [    230]   INFO - jps.cmdline.JpsModelLoaderImpl - Loading model: project path = /home/verobuckina/Desktop/Test, global options path = /media/verobuckina/Shared-Volume/Projects/ErrorPrinter/ErrorPrinterPlugin/build/idea-sandbox/config/options
2021-03-09 21:06:52,820 [    329]   INFO - jps.cmdline.JpsModelLoaderImpl - Model loaded in 98 ms
2021-03-09 21:06:52,820 [    329]   INFO - jps.cmdline.JpsModelLoaderImpl - Project has 1 modules, 0 libraries
2021-03-09 21:06:52,872 [    381]   INFO - m.intellij.util.io.StorageLock - lower=100; upper=500; buffer=10; max=680
2021-03-09 21:06:52,877 [    386]   INFO - tellij.util.io.FileChannelUtil - uninterruptible FileChannels will be used for indexes
2021-03-09 21:06:52,963 [    472]   INFO - .incremental.IncProjectBuilder - Building project; isRebuild:true; isMake:false parallel compilation:false
2021-03-09 21:06:52,964 [    473]   INFO - kotlin.jps.build.KotlinBuilder - is Kotlin incremental compilation enabled for JVM: true
2021-03-09 21:06:52,964 [    473]   INFO - kotlin.jps.build.KotlinBuilder - is Kotlin incremental compilation enabled for JS: true
2021-03-09 21:06:52,967 [    476]   INFO - kotlin.jps.build.KotlinBuilder - is Kotlin compiler daemon enabled: true
2021-03-09 21:06:52,967 [    476]   INFO - kotlin.jps.build.KotlinBuilder - Label in local history: build started 95c8d83a
2021-03-09 21:06:52,972 [    481]   INFO - s.index.CompilerReferenceIndex - backward reference index version doesn't exist
2021-03-09 21:06:53,073 [    582]   INFO - .incremental.IncProjectBuilder - Cleaned output directories in 37 ms
2021-03-09 21:06:53,497 [   1006]   INFO - kotlin.jps.build.KotlinBuilder - KotlinTargetsIndex created in 329 ms
2021-03-09 21:06:53,502 [   1011]   INFO - kotlin.jps.build.KotlinBuilder - Total Kotlin global compile context initialization time: 335 ms
2021-03-09 21:06:53,509 [   1018]   INFO - s.incremental.java.JavaBuilder - Compiling 1 java files; module: Test
2021-03-09 21:06:53,801 [   1310]   INFO - rains.jps.cmdline.BuildSession - Build duration: Builder 'Java' took 250 ms; 1 sources processed (250 ms per file)
2021-03-09 21:06:53,802 [   1311]   INFO - s.incremental.java.JavaBuilder - javac 11.0.10 was used to compile [Test]
2021-03-09 21:06:54,126 [      0]   INFO - etbrains.jps.cmdline.BuildMain - ==================================================
2021-03-09 21:06:54,126 [      0]   INFO - etbrains.jps.cmdline.BuildMain - Build process started. Classpath: /home/verobuckina/.gradle/caches/modules-2/files-2.1/com.jetbrains.intellij.idea/ideaIC/2020.3.2/13938c2ba003ffe980f450345eea516cd9c2375f/ideaIC-2020.3.2/plugins/java/lib/jps-launcher.jar
2021-03-09 21:06:54,268 [    142]   INFO - etbrains.jps.cmdline.BuildMain - Connection to IDE established in 116 ms
2021-03-09 21:06:54,299 [    173]   INFO -    #com.intellij.jna.JnaLoader - JNA library (64-bit) loaded in 27 ms
2021-03-09 21:06:54,343 [    217]   INFO - jps.cmdline.JpsModelLoaderImpl - Loading model: project path = /home/verobuckina/Desktop/Test, global options path = /media/verobuckina/Shared-Volume/Projects/ErrorPrinter/ErrorPrinterPlugin/build/idea-sandbox/config/options
2021-03-09 21:06:54,484 [    358]   INFO - jps.cmdline.JpsModelLoaderImpl - Model loaded in 140 ms
2021-03-09 21:06:54,484 [    358]   INFO - jps.cmdline.JpsModelLoaderImpl - Project has 1 modules, 0 libraries
2021-03-09 21:06:54,540 [    414]   INFO - m.intellij.util.io.StorageLock - lower=100; upper=500; buffer=10; max=680
2021-03-09 21:06:54,545 [    419]   INFO - tellij.util.io.FileChannelUtil - uninterruptible FileChannels will be used for indexes
2021-03-09 21:06:54,635 [    509]   INFO - etbrains.jps.cmdline.BuildMain - Pre-loaded process ready in 517 ms
2021-03-09 21:06:54,676 [    550]   INFO - etbrains.jps.cmdline.BuildMain - Build canceled, but no build session is running. Exiting.
2021-03-09 21:06:56,143 [      0]   INFO - etbrains.jps.cmdline.BuildMain - ==================================================
2021-03-09 21:06:56,143 [      0]   INFO - etbrains.jps.cmdline.BuildMain - Build process started. Classpath: /home/verobuckina/.gradle/caches/modules-2/files-2.1/com.jetbrains.intellij.idea/ideaIC/2020.3.2/13938c2ba003ffe980f450345eea516cd9c2375f/ideaIC-2020.3.2/plugins/java/lib/jps-launcher.jar
2021-03-09 21:06:56,264 [    121]   INFO - etbrains.jps.cmdline.BuildMain - Connection to IDE established in 100 ms
2021-03-09 21:06:56,342 [    199]   INFO - jps.cmdline.JpsModelLoaderImpl - Loading model: project path = /home/verobuckina/Desktop/Test, global options path = /media/verobuckina/Shared-Volume/Projects/ErrorPrinter/ErrorPrinterPlugin/build/idea-sandbox/config/options
2021-03-09 21:06:56,451 [    308]   INFO - jps.cmdline.JpsModelLoaderImpl - Model loaded in 108 ms
2021-03-09 21:06:56,451 [    308]   INFO - jps.cmdline.JpsModelLoaderImpl - Project has 1 modules, 0 libraries
2021-03-09 21:06:56,502 [    359]   INFO - m.intellij.util.io.StorageLock - lower=100; upper=500; buffer=10; max=680
2021-03-09 21:06:56,506 [    363]   INFO - tellij.util.io.FileChannelUtil - uninterruptible FileChannels will be used for indexes
2021-03-09 21:06:56,595 [    452]   INFO - .incremental.IncProjectBuilder - Building project; isRebuild:false; isMake:true parallel compilation:false
2021-03-09 21:06:56,596 [    453]   INFO - kotlin.jps.build.KotlinBuilder - is Kotlin incremental compilation enabled for JVM: true
2021-03-09 21:06:56,597 [    454]   INFO - kotlin.jps.build.KotlinBuilder - is Kotlin incremental compilation enabled for JS: true
2021-03-09 21:06:56,599 [    456]   INFO - kotlin.jps.build.KotlinBuilder - is Kotlin compiler daemon enabled: true
2021-03-09 21:06:56,599 [    456]   INFO - kotlin.jps.build.KotlinBuilder - Label in local history: build started 9134442a
2021-03-09 21:06:56,647 [    504]   INFO - .incremental.IncProjectBuilder - Cleaned output directories in 1 ms
2021-03-09 21:06:57,051 [    908]   INFO - kotlin.jps.build.KotlinBuilder - KotlinTargetsIndex created in 347 ms
2021-03-09 21:06:57,056 [    913]   INFO - kotlin.jps.build.KotlinBuilder - Total Kotlin global compile context initialization time: 353 ms
2021-03-09 21:06:57,319 [      0]   INFO - etbrains.jps.cmdline.BuildMain - ==================================================
2021-03-09 21:06:57,319 [      0]   INFO - etbrains.jps.cmdline.BuildMain - Build process started. Classpath: /home/verobuckina/.gradle/caches/modules-2/files-2.1/com.jetbrains.intellij.idea/ideaIC/2020.3.2/13938c2ba003ffe980f450345eea516cd9c2375f/ideaIC-2020.3.2/plugins/java/lib/jps-launcher.jar
2021-03-09 21:06:57,450 [    131]   INFO - etbrains.jps.cmdline.BuildMain - Connection to IDE established in 105 ms
2021-03-09 21:06:57,470 [    151]   INFO -    #com.intellij.jna.JnaLoader - JNA library (64-bit) loaded in 17 ms
2021-03-09 21:06:57,504 [    185]   INFO - jps.cmdline.JpsModelLoaderImpl - Loading model: project path = /home/verobuckina/Desktop/Test, global options path = /media/verobuckina/Shared-Volume/Projects/ErrorPrinter/ErrorPrinterPlugin/build/idea-sandbox/config/options
2021-03-09 21:06:57,605 [    286]   INFO - jps.cmdline.JpsModelLoaderImpl - Model loaded in 100 ms
2021-03-09 21:06:57,605 [    286]   INFO - jps.cmdline.JpsModelLoaderImpl - Project has 1 modules, 0 libraries
2021-03-09 21:06:57,652 [    333]   INFO - m.intellij.util.io.StorageLock - lower=100; upper=500; buffer=10; max=680
2021-03-09 21:06:57,656 [    337]   INFO - tellij.util.io.FileChannelUtil - uninterruptible FileChannels will be used for indexes
2021-03-09 21:06:57,740 [    421]   INFO - etbrains.jps.cmdline.BuildMain - Pre-loaded process ready in 427 ms
2021-03-09 21:07:01,010 [   3691]   INFO - etbrains.jps.cmdline.BuildMain - Build canceled, but no build session is running. Exiting.
2021-03-09 21:07:34,522 [      0]   INFO - etbrains.jps.cmdline.BuildMain - ==================================================
2021-03-09 21:07:34,523 [      1]   INFO - etbrains.jps.cmdline.BuildMain - Build process started. Classpath: /home/verobuckina/.gradle/caches/modules-2/files-2.1/com.jetbrains.intellij.idea/ideaIC/2020.3.2/13938c2ba003ffe980f450345eea516cd9c2375f/ideaIC-2020.3.2/plugins/java/lib/jps-launcher.jar
2021-03-09 21:07:34,674 [    152]   INFO - etbrains.jps.cmdline.BuildMain - Connection to IDE established in 123 ms
2021-03-09 21:07:34,770 [    248]   INFO - jps.cmdline.JpsModelLoaderImpl - Loading model: project path = /home/verobuckina/Desktop/Test, global options path = /media/verobuckina/Shared-Volume/Projects/ErrorPrinter/ErrorPrinterPlugin/build/idea-sandbox/config/options
2021-03-09 21:07:34,909 [    387]   INFO - jps.cmdline.JpsModelLoaderImpl - Model loaded in 138 ms
2021-03-09 21:07:34,909 [    387]   INFO - jps.cmdline.JpsModelLoaderImpl - Project has 1 modules, 0 libraries
2021-03-09 21:07:34,973 [    451]   INFO - m.intellij.util.io.StorageLock - lower=100; upper=500; buffer=10; max=680
2021-03-09 21:07:34,980 [    458]   INFO - tellij.util.io.FileChannelUtil - uninterruptible FileChannels will be used for indexes
2021-03-09 21:07:35,368 [      0]   INFO - etbrains.jps.cmdline.BuildMain - ==================================================
2021-03-09 21:07:35,368 [      0]   INFO - etbrains.jps.cmdline.BuildMain - Build process started. Classpath: /home/verobuckina/.gradle/caches/modules-2/files-2.1/com.jetbrains.intellij.idea/ideaIC/2020.3.2/13938c2ba003ffe980f450345eea516cd9c2375f/ideaIC-2020.3.2/plugins/java/lib/jps-launcher.jar
2021-03-09 21:07:35,501 [    133]   INFO - etbrains.jps.cmdline.BuildMain - Connection to IDE established in 108 ms
2021-03-09 21:07:35,530 [    162]   INFO -    #com.intellij.jna.JnaLoader - JNA library (64-bit) loaded in 24 ms
2021-03-09 21:07:35,569 [    201]   INFO - jps.cmdline.JpsModelLoaderImpl - Loading model: project path = /home/verobuckina/Desktop/Test, global options path = /media/verobuckina/Shared-Volume/Projects/ErrorPrinter/ErrorPrinterPlugin/build/idea-sandbox/config/options
2021-03-09 21:07:35,693 [    325]   INFO - jps.cmdline.JpsModelLoaderImpl - Model loaded in 123 ms
2021-03-09 21:07:35,693 [    325]   INFO - jps.cmdline.JpsModelLoaderImpl - Project has 1 modules, 0 libraries
2021-03-09 21:07:35,746 [    378]   INFO - m.intellij.util.io.StorageLock - lower=100; upper=500; buffer=10; max=680
2021-03-09 21:07:35,752 [    384]   INFO - tellij.util.io.FileChannelUtil - uninterruptible FileChannels will be used for indexes
2021-03-09 21:07:35,829 [    461]   INFO - etbrains.jps.cmdline.BuildMain - Pre-loaded process ready in 467 ms
2021-03-09 21:07:37,335 [   1967]   INFO - rains.jps.cmdline.BuildSession - No changes found since last build. Exiting.
2021-03-09 21:07:37,629 [      0]   INFO - etbrains.jps.cmdline.BuildMain - ==================================================
2021-03-09 21:07:37,629 [      0]   INFO - etbrains.jps.cmdline.BuildMain - Build process started. Classpath: /home/verobuckina/.gradle/caches/modules-2/files-2.1/com.jetbrains.intellij.idea/ideaIC/2020.3.2/13938c2ba003ffe980f450345eea516cd9c2375f/ideaIC-2020.3.2/plugins/java/lib/jps-launcher.jar
2021-03-09 21:07:37,796 [    167]   INFO - etbrains.jps.cmdline.BuildMain - Connection to IDE established in 139 ms
2021-03-09 21:07:37,822 [    193]   INFO -    #com.intellij.jna.JnaLoader - JNA library (64-bit) loaded in 21 ms
2021-03-09 21:07:37,860 [    231]   INFO - jps.cmdline.JpsModelLoaderImpl - Loading model: project path = /home/verobuckina/Desktop/Test, global options path = /media/verobuckina/Shared-Volume/Projects/ErrorPrinter/ErrorPrinterPlugin/build/idea-sandbox/config/options
2021-03-09 21:07:37,965 [    336]   INFO - jps.cmdline.JpsModelLoaderImpl - Model loaded in 104 ms
2021-03-09 21:07:37,966 [    337]   INFO - jps.cmdline.JpsModelLoaderImpl - Project has 1 modules, 0 libraries
2021-03-09 21:07:38,013 [    384]   INFO - m.intellij.util.io.StorageLock - lower=100; upper=500; buffer=10; max=680
2021-03-09 21:07:38,017 [    388]   INFO - tellij.util.io.FileChannelUtil - uninterruptible FileChannels will be used for indexes
2021-03-09 21:07:38,092 [    463]   INFO - etbrains.jps.cmdline.BuildMain - Pre-loaded process ready in 470 ms
2021-03-09 21:07:42,362 [   4733]   INFO - rains.jps.cmdline.BuildSession - No changes found since last build. Exiting.
2021-03-09 21:07:42,629 [      0]   INFO - etbrains.jps.cmdline.BuildMain - ==================================================
2021-03-09 21:07:42,629 [      0]   INFO - etbrains.jps.cmdline.BuildMain - Build process started. Classpath: /home/verobuckina/.gradle/caches/modules-2/files-2.1/com.jetbrains.intellij.idea/ideaIC/2020.3.2/13938c2ba003ffe980f450345eea516cd9c2375f/ideaIC-2020.3.2/plugins/java/lib/jps-launcher.jar
2021-03-09 21:07:42,755 [    126]   INFO - etbrains.jps.cmdline.BuildMain - Connection to IDE established in 104 ms
2021-03-09 21:07:42,784 [    155]   INFO -    #com.intellij.jna.JnaLoader - JNA library (64-bit) loaded in 23 ms
2021-03-09 21:07:42,814 [    185]   INFO - jps.cmdline.JpsModelLoaderImpl - Loading model: project path = /home/verobuckina/Desktop/Test, global options path = /media/verobuckina/Shared-Volume/Projects/ErrorPrinter/ErrorPrinterPlugin/build/idea-sandbox/config/options
2021-03-09 21:07:42,937 [    308]   INFO - jps.cmdline.JpsModelLoaderImpl - Model loaded in 122 ms
2021-03-09 21:07:42,937 [    308]   INFO - jps.cmdline.JpsModelLoaderImpl - Project has 1 modules, 0 libraries
2021-03-09 21:07:42,989 [    360]   INFO - m.intellij.util.io.StorageLock - lower=100; upper=500; buffer=10; max=680
2021-03-09 21:07:42,993 [    364]   INFO - tellij.util.io.FileChannelUtil - uninterruptible FileChannels will be used for indexes
2021-03-09 21:07:43,078 [    449]   INFO - etbrains.jps.cmdline.BuildMain - Pre-loaded process ready in 455 ms
2021-03-09 21:07:50,776 [   8147]   INFO - rains.jps.cmdline.BuildSession - No changes found since last build. Exiting.
2021-03-09 21:07:51,049 [      0]   INFO - etbrains.jps.cmdline.BuildMain - ==================================================
2021-03-09 21:07:51,050 [      1]   INFO - etbrains.jps.cmdline.BuildMain - Build process started. Classpath: /home/verobuckina/.gradle/caches/modules-2/files-2.1/com.jetbrains.intellij.idea/ideaIC/2020.3.2/13938c2ba003ffe980f450345eea516cd9c2375f/ideaIC-2020.3.2/plugins/java/lib/jps-launcher.jar
2021-03-09 21:07:51,177 [    128]   INFO - etbrains.jps.cmdline.BuildMain - Connection to IDE established in 105 ms
2021-03-09 21:07:51,198 [    149]   INFO -    #com.intellij.jna.JnaLoader - JNA library (64-bit) loaded in 18 ms
2021-03-09 21:07:51,233 [    184]   INFO - jps.cmdline.JpsModelLoaderImpl - Loading model: project path = /home/verobuckina/Desktop/Test, global options path = /media/verobuckina/Shared-Volume/Projects/ErrorPrinter/ErrorPrinterPlugin/build/idea-sandbox/config/options
2021-03-09 21:07:51,332 [    283]   INFO - jps.cmdline.JpsModelLoaderImpl - Model loaded in 98 ms
2021-03-09 21:07:51,332 [    283]   INFO - jps.cmdline.JpsModelLoaderImpl - Project has 1 modules, 0 libraries
2021-03-09 21:07:51,372 [    323]   INFO - m.intellij.util.io.StorageLock - lower=100; upper=500; buffer=10; max=680
2021-03-09 21:07:51,377 [    328]   INFO - tellij.util.io.FileChannelUtil - uninterruptible FileChannels will be used for indexes
2021-03-09 21:07:51,463 [    414]   INFO - etbrains.jps.cmdline.BuildMain - Pre-loaded process ready in 420 ms
2021-03-09 21:08:05,729 [  14680]   INFO - etbrains.jps.cmdline.BuildMain - Build canceled, but no build session is running. Exiting.
2021-03-09 21:09:55,279 [      0]   INFO - etbrains.jps.cmdline.BuildMain - ==================================================
2021-03-09 21:09:55,279 [      0]   INFO - etbrains.jps.cmdline.BuildMain - Build process started. Classpath: /home/verobuckina/.gradle/caches/modules-2/files-2.1/com.jetbrains.intellij.idea/ideaIC/2020.3.2/13938c2ba003ffe980f450345eea516cd9c2375f/ideaIC-2020.3.2/plugins/java/lib/jps-launcher.jar
2021-03-09 21:09:55,413 [    134]   INFO - etbrains.jps.cmdline.BuildMain - Connection to IDE established in 110 ms
2021-03-09 21:09:55,522 [    243]   INFO - jps.cmdline.JpsModelLoaderImpl - Loading model: project path = /home/verobuckina/Desktop/Test, global options path = /media/verobuckina/Shared-Volume/Projects/ErrorPrinter/ErrorPrinterPlugin/build/idea-sandbox/config/options
2021-03-09 21:09:55,637 [    358]   INFO - jps.cmdline.JpsModelLoaderImpl - Model loaded in 115 ms
2021-03-09 21:09:55,638 [    359]   INFO - jps.cmdline.JpsModelLoaderImpl - Project has 1 modules, 0 libraries
2021-03-09 21:09:55,689 [    410]   INFO - m.intellij.util.io.StorageLock - lower=100; upper=500; buffer=10; max=680
2021-03-09 21:09:55,694 [    415]   INFO - tellij.util.io.FileChannelUtil - uninterruptible FileChannels will be used for indexes
2021-03-09 21:09:56,060 [      0]   INFO - etbrains.jps.cmdline.BuildMain - ==================================================
2021-03-09 21:09:56,060 [      0]   INFO - etbrains.jps.cmdline.BuildMain - Build process started. Classpath: /home/verobuckina/.gradle/caches/modules-2/files-2.1/com.jetbrains.intellij.idea/ideaIC/2020.3.2/13938c2ba003ffe980f450345eea516cd9c2375f/ideaIC-2020.3.2/plugins/java/lib/jps-launcher.jar
2021-03-09 21:09:56,199 [    139]   INFO - etbrains.jps.cmdline.BuildMain - Connection to IDE established in 110 ms
2021-03-09 21:09:56,224 [    164]   INFO -    #com.intellij.jna.JnaLoader - JNA library (64-bit) loaded in 21 ms
2021-03-09 21:09:56,263 [    203]   INFO - jps.cmdline.JpsModelLoaderImpl - Loading model: project path = /home/verobuckina/Desktop/Test, global options path = /media/verobuckina/Shared-Volume/Projects/ErrorPrinter/ErrorPrinterPlugin/build/idea-sandbox/config/options
2021-03-09 21:09:56,379 [    319]   INFO - jps.cmdline.JpsModelLoaderImpl - Model loaded in 116 ms
2021-03-09 21:09:56,380 [    320]   INFO - jps.cmdline.JpsModelLoaderImpl - Project has 1 modules, 0 libraries
2021-03-09 21:09:56,437 [    377]   INFO - m.intellij.util.io.StorageLock - lower=100; upper=500; buffer=10; max=680
2021-03-09 21:09:56,442 [    382]   INFO - tellij.util.io.FileChannelUtil - uninterruptible FileChannels will be used for indexes
2021-03-09 21:09:56,529 [    469]   INFO - etbrains.jps.cmdline.BuildMain - Pre-loaded process ready in 475 ms
2021-03-09 21:10:13,954 [  17894]   INFO - rains.jps.cmdline.BuildSession - No changes found since last build. Exiting.
2021-03-09 21:10:14,217 [      0]   INFO - etbrains.jps.cmdline.BuildMain - ==================================================
2021-03-09 21:10:14,218 [      1]   INFO - etbrains.jps.cmdline.BuildMain - Build process started. Classpath: /home/verobuckina/.gradle/caches/modules-2/files-2.1/com.jetbrains.intellij.idea/ideaIC/2020.3.2/13938c2ba003ffe980f450345eea516cd9c2375f/ideaIC-2020.3.2/plugins/java/lib/jps-launcher.jar
2021-03-09 21:10:14,377 [    160]   INFO - etbrains.jps.cmdline.BuildMain - Connection to IDE established in 134 ms
2021-03-09 21:10:14,401 [    184]   INFO -    #com.intellij.jna.JnaLoader - JNA library (64-bit) loaded in 20 ms
2021-03-09 21:10:14,433 [    216]   INFO - jps.cmdline.JpsModelLoaderImpl - Loading model: project path = /home/verobuckina/Desktop/Test, global options path = /media/verobuckina/Shared-Volume/Projects/ErrorPrinter/ErrorPrinterPlugin/build/idea-sandbox/config/options
2021-03-09 21:10:14,534 [    317]   INFO - jps.cmdline.JpsModelLoaderImpl - Model loaded in 101 ms
2021-03-09 21:10:14,534 [    317]   INFO - jps.cmdline.JpsModelLoaderImpl - Project has 1 modules, 0 libraries
2021-03-09 21:10:14,580 [    363]   INFO - m.intellij.util.io.StorageLock - lower=100; upper=500; buffer=10; max=680
2021-03-09 21:10:14,586 [    369]   INFO - tellij.util.io.FileChannelUtil - uninterruptible FileChannels will be used for indexes
2021-03-09 21:10:14,676 [    459]   INFO - etbrains.jps.cmdline.BuildMain - Pre-loaded process ready in 465 ms
2021-03-09 21:10:20,409 [   6192]   INFO - etbrains.jps.cmdline.BuildMain - Build canceled, but no build session is running. Exiting.
2021-03-09 21:10:38,358 [      0]   INFO - etbrains.jps.cmdline.BuildMain - ==================================================
2021-03-09 21:10:38,359 [      1]   INFO - etbrains.jps.cmdline.BuildMain - Build process started. Classpath: /home/verobuckina/.gradle/caches/modules-2/files-2.1/com.jetbrains.intellij.idea/ideaIC/2020.3.2/13938c2ba003ffe980f450345eea516cd9c2375f/ideaIC-2020.3.2/plugins/java/lib/jps-launcher.jar
2021-03-09 21:10:38,496 [    138]   INFO - etbrains.jps.cmdline.BuildMain - Connection to IDE established in 112 ms
2021-03-09 21:10:38,588 [    230]   INFO - jps.cmdline.JpsModelLoaderImpl - Loading model: project path = /home/verobuckina/Desktop/Test, global options path = /media/verobuckina/Shared-Volume/Projects/ErrorPrinter/ErrorPrinterPlugin/build/idea-sandbox/config/options
2021-03-09 21:10:38,715 [    357]   INFO - jps.cmdline.JpsModelLoaderImpl - Model loaded in 127 ms
2021-03-09 21:10:38,715 [    357]   INFO - jps.cmdline.JpsModelLoaderImpl - Project has 1 modules, 0 libraries
2021-03-09 21:10:38,765 [    407]   INFO - m.intellij.util.io.StorageLock - lower=100; upper=500; buffer=10; max=680
2021-03-09 21:10:38,770 [    412]   INFO - tellij.util.io.FileChannelUtil - uninterruptible FileChannels will be used for indexes
2021-03-09 21:10:39,217 [      0]   INFO - etbrains.jps.cmdline.BuildMain - ==================================================
2021-03-09 21:10:39,217 [      0]   INFO - etbrains.jps.cmdline.BuildMain - Build process started. Classpath: /home/verobuckina/.gradle/caches/modules-2/files-2.1/com.jetbrains.intellij.idea/ideaIC/2020.3.2/13938c2ba003ffe980f450345eea516cd9c2375f/ideaIC-2020.3.2/plugins/java/lib/jps-launcher.jar
2021-03-09 21:10:39,358 [    141]   INFO - etbrains.jps.cmdline.BuildMain - Connection to IDE established in 109 ms
2021-03-09 21:10:39,380 [    163]   INFO -    #com.intellij.jna.JnaLoader - JNA library (64-bit) loaded in 19 ms
2021-03-09 21:10:39,417 [    200]   INFO - jps.cmdline.JpsModelLoaderImpl - Loading model: project path = /home/verobuckina/Desktop/Test, global options path = /media/verobuckina/Shared-Volume/Projects/ErrorPrinter/ErrorPrinterPlugin/build/idea-sandbox/config/options
2021-03-09 21:10:39,527 [    310]   INFO - jps.cmdline.JpsModelLoaderImpl - Model loaded in 109 ms
2021-03-09 21:10:39,527 [    310]   INFO - jps.cmdline.JpsModelLoaderImpl - Project has 1 modules, 0 libraries
2021-03-09 21:10:39,577 [    360]   INFO - m.intellij.util.io.StorageLock - lower=100; upper=500; buffer=10; max=680
2021-03-09 21:10:39,585 [    368]   INFO - tellij.util.io.FileChannelUtil - uninterruptible FileChannels will be used for indexes
2021-03-09 21:10:39,661 [    444]   INFO - etbrains.jps.cmdline.BuildMain - Pre-loaded process ready in 453 ms
2021-03-09 21:11:17,313 [  38096]   INFO - etbrains.jps.cmdline.BuildMain - Build canceled, but no build session is running. Exiting.
2021-03-09 21:37:46,907 [      0]   INFO - etbrains.jps.cmdline.BuildMain - ==================================================
2021-03-09 21:37:46,907 [      0]   INFO - etbrains.jps.cmdline.BuildMain - Build process started. Classpath: /home/verobuckina/.gradle/caches/modules-2/files-2.1/com.jetbrains.intellij.idea/ideaIC/2020.3.2/13938c2ba003ffe980f450345eea516cd9c2375f/ideaIC-2020.3.2/plugins/java/lib/jps-launcher.jar
2021-03-09 21:37:47,053 [    146]   INFO - etbrains.jps.cmdline.BuildMain - Connection to IDE established in 118 ms
2021-03-09 21:37:47,152 [    245]   INFO - jps.cmdline.JpsModelLoaderImpl - Loading model: project path = /home/verobuckina/Desktop/Test, global options path = /media/verobuckina/Shared-Volume/Projects/ErrorPrinter/ErrorPrinterPlugin/build/idea-sandbox/config/options
2021-03-09 21:37:47,281 [    374]   INFO - jps.cmdline.JpsModelLoaderImpl - Model loaded in 128 ms
2021-03-09 21:37:47,281 [    374]   INFO - jps.cmdline.JpsModelLoaderImpl - Project has 1 modules, 0 libraries
2021-03-09 21:37:47,329 [    422]   INFO - m.intellij.util.io.StorageLock - lower=100; upper=500; buffer=10; max=680
2021-03-09 21:37:47,333 [    426]   INFO - tellij.util.io.FileChannelUtil - uninterruptible FileChannels will be used for indexes
2021-03-09 21:37:47,727 [      0]   INFO - etbrains.jps.cmdline.BuildMain - ==================================================
2021-03-09 21:37:47,727 [      0]   INFO - etbrains.jps.cmdline.BuildMain - Build process started. Classpath: /home/verobuckina/.gradle/caches/modules-2/files-2.1/com.jetbrains.intellij.idea/ideaIC/2020.3.2/13938c2ba003ffe980f450345eea516cd9c2375f/ideaIC-2020.3.2/plugins/java/lib/jps-launcher.jar
2021-03-09 21:37:47,871 [    144]   INFO - etbrains.jps.cmdline.BuildMain - Connection to IDE established in 119 ms
2021-03-09 21:37:47,896 [    169]   INFO -    #com.intellij.jna.JnaLoader - JNA library (64-bit) loaded in 20 ms
2021-03-09 21:37:47,934 [    207]   INFO - jps.cmdline.JpsModelLoaderImpl - Loading model: project path = /home/verobuckina/Desktop/Test, global options path = /media/verobuckina/Shared-Volume/Projects/ErrorPrinter/ErrorPrinterPlugin/build/idea-sandbox/config/options
2021-03-09 21:37:48,043 [    316]   INFO - jps.cmdline.JpsModelLoaderImpl - Model loaded in 109 ms
2021-03-09 21:37:48,043 [    316]   INFO - jps.cmdline.JpsModelLoaderImpl - Project has 1 modules, 0 libraries
2021-03-09 21:37:48,091 [    364]   INFO - m.intellij.util.io.StorageLock - lower=100; upper=500; buffer=10; max=680
2021-03-09 21:37:48,096 [    369]   INFO - tellij.util.io.FileChannelUtil - uninterruptible FileChannels will be used for indexes
2021-03-09 21:37:48,183 [    456]   INFO - etbrains.jps.cmdline.BuildMain - Pre-loaded process ready in 462 ms
2021-03-09 21:39:45,612 [ 117885]   INFO - etbrains.jps.cmdline.BuildMain - Build canceled, but no build session is running. Exiting.
2021-03-09 21:39:53,435 [      0]   INFO - etbrains.jps.cmdline.BuildMain - ==================================================
2021-03-09 21:39:53,435 [      0]   INFO - etbrains.jps.cmdline.BuildMain - Build process started. Classpath: /home/verobuckina/.gradle/caches/modules-2/files-2.1/com.jetbrains.intellij.idea/ideaIC/2020.3.2/13938c2ba003ffe980f450345eea516cd9c2375f/ideaIC-2020.3.2/plugins/java/lib/jps-launcher.jar
2021-03-09 21:39:53,592 [    157]   INFO - etbrains.jps.cmdline.BuildMain - Connection to IDE established in 129 ms
2021-03-09 21:39:53,702 [    267]   INFO - jps.cmdline.JpsModelLoaderImpl - Loading model: project path = /home/verobuckina/Desktop/Test, global options path = /media/verobuckina/Shared-Volume/Projects/ErrorPrinter/ErrorPrinterPlugin/build/idea-sandbox/config/options
2021-03-09 21:39:53,859 [    424]   INFO - jps.cmdline.JpsModelLoaderImpl - Model loaded in 157 ms
2021-03-09 21:39:53,859 [    424]   INFO - jps.cmdline.JpsModelLoaderImpl - Project has 1 modules, 0 libraries
2021-03-09 21:39:53,916 [    481]   INFO - m.intellij.util.io.StorageLock - lower=100; upper=500; buffer=10; max=680
2021-03-09 21:39:53,921 [    486]   INFO - tellij.util.io.FileChannelUtil - uninterruptible FileChannels will be used for indexes
2021-03-09 21:39:54,340 [      0]   INFO - etbrains.jps.cmdline.BuildMain - ==================================================
2021-03-09 21:39:54,340 [      0]   INFO - etbrains.jps.cmdline.BuildMain - Build process started. Classpath: /home/verobuckina/.gradle/caches/modules-2/files-2.1/com.jetbrains.intellij.idea/ideaIC/2020.3.2/13938c2ba003ffe980f450345eea516cd9c2375f/ideaIC-2020.3.2/plugins/java/lib/jps-launcher.jar
2021-03-09 21:39:54,514 [    174]   INFO - etbrains.jps.cmdline.BuildMain - Connection to IDE established in 141 ms
2021-03-09 21:39:54,543 [    203]   INFO -    #com.intellij.jna.JnaLoader - JNA library (64-bit) loaded in 24 ms
2021-03-09 21:39:54,588 [    248]   INFO - jps.cmdline.JpsModelLoaderImpl - Loading model: project path = /home/verobuckina/Desktop/Test, global options path = /media/verobuckina/Shared-Volume/Projects/ErrorPrinter/ErrorPrinterPlugin/build/idea-sandbox/config/options
2021-03-09 21:39:54,693 [    353]   INFO - jps.cmdline.JpsModelLoaderImpl - Model loaded in 105 ms
2021-03-09 21:39:54,694 [    354]   INFO - jps.cmdline.JpsModelLoaderImpl - Project has 1 modules, 0 libraries
2021-03-09 21:39:54,747 [    407]   INFO - m.intellij.util.io.StorageLock - lower=100; upper=500; buffer=10; max=680
2021-03-09 21:39:54,752 [    412]   INFO - tellij.util.io.FileChannelUtil - uninterruptible FileChannels will be used for indexes
2021-03-09 21:39:54,843 [    503]   INFO - etbrains.jps.cmdline.BuildMain - Pre-loaded process ready in 512 ms
2021-03-09 21:40:16,268 [  21928]   INFO - etbrains.jps.cmdline.BuildMain - Build canceled, but no build session is running. Exiting.
2021-03-09 21:42:19,966 [      0]   INFO - etbrains.jps.cmdline.BuildMain - ==================================================
2021-03-09 21:42:19,966 [      0]   INFO - etbrains.jps.cmdline.BuildMain - Build process started. Classpath: /home/verobuckina/.gradle/caches/modules-2/files-2.1/com.jetbrains.intellij.idea/ideaIC/2020.3.2/13938c2ba003ffe980f450345eea516cd9c2375f/ideaIC-2020.3.2/plugins/java/lib/jps-launcher.jar
2021-03-09 21:42:20,111 [    145]   INFO - etbrains.jps.cmdline.BuildMain - Connection to IDE established in 119 ms
2021-03-09 21:42:20,218 [    252]   INFO - jps.cmdline.JpsModelLoaderImpl - Loading model: project path = /home/verobuckina/Desktop/Test, global options path = /media/verobuckina/Shared-Volume/Projects/ErrorPrinter/ErrorPrinterPlugin/build/idea-sandbox/config/options
2021-03-09 21:42:20,340 [    374]   INFO - jps.cmdline.JpsModelLoaderImpl - Model loaded in 122 ms
2021-03-09 21:42:20,340 [    374]   INFO - jps.cmdline.JpsModelLoaderImpl - Project has 1 modules, 0 libraries
2021-03-09 21:42:20,392 [    426]   INFO - m.intellij.util.io.StorageLock - lower=100; upper=500; buffer=10; max=680
2021-03-09 21:42:20,397 [    431]   INFO - tellij.util.io.FileChannelUtil - uninterruptible FileChannels will be used for indexes
2021-03-09 21:42:20,926 [      0]   INFO - etbrains.jps.cmdline.BuildMain - ==================================================
2021-03-09 21:42:20,926 [      0]   INFO - etbrains.jps.cmdline.BuildMain - Build process started. Classpath: /home/verobuckina/.gradle/caches/modules-2/files-2.1/com.jetbrains.intellij.idea/ideaIC/2020.3.2/13938c2ba003ffe980f450345eea516cd9c2375f/ideaIC-2020.3.2/plugins/java/lib/jps-launcher.jar
2021-03-09 21:42:21,074 [    148]   INFO - etbrains.jps.cmdline.BuildMain - Connection to IDE established in 123 ms
2021-03-09 21:42:21,100 [    174]   INFO -    #com.intellij.jna.JnaLoader - JNA library (64-bit) loaded in 22 ms
2021-03-09 21:42:21,140 [    214]   INFO - jps.cmdline.JpsModelLoaderImpl - Loading model: project path = /home/verobuckina/Desktop/Test, global options path = /media/verobuckina/Shared-Volume/Projects/ErrorPrinter/ErrorPrinterPlugin/build/idea-sandbox/config/options
2021-03-09 21:42:21,278 [    352]   INFO - jps.cmdline.JpsModelLoaderImpl - Model loaded in 137 ms
2021-03-09 21:42:21,278 [    352]   INFO - jps.cmdline.JpsModelLoaderImpl - Project has 1 modules, 0 libraries
2021-03-09 21:42:21,334 [    408]   INFO - m.intellij.util.io.StorageLock - lower=100; upper=500; buffer=10; max=680
2021-03-09 21:42:21,338 [    412]   INFO - tellij.util.io.FileChannelUtil - uninterruptible FileChannels will be used for indexes
2021-03-09 21:42:21,427 [    501]   INFO - etbrains.jps.cmdline.BuildMain - Pre-loaded process ready in 508 ms
2021-03-09 21:48:42,839 [      0]   INFO - etbrains.jps.cmdline.BuildMain - ==================================================
2021-03-09 21:48:42,839 [      0]   INFO - etbrains.jps.cmdline.BuildMain - Build process started. Classpath: /home/verobuckina/.gradle/caches/modules-2/files-2.1/com.jetbrains.intellij.idea/ideaIC/2020.3.2/13938c2ba003ffe980f450345eea516cd9c2375f/ideaIC-2020.3.2/plugins/java/lib/jps-launcher.jar
2021-03-09 21:48:42,979 [    140]   INFO - etbrains.jps.cmdline.BuildMain - Connection to IDE established in 116 ms
2021-03-09 21:48:43,077 [    238]   INFO - jps.cmdline.JpsModelLoaderImpl - Loading model: project path = /home/verobuckina/Desktop/Test, global options path = /media/verobuckina/Shared-Volume/Projects/ErrorPrinter/ErrorPrinterPlugin/build/idea-sandbox/config/options
2021-03-09 21:48:43,213 [    374]   INFO - jps.cmdline.JpsModelLoaderImpl - Model loaded in 135 ms
2021-03-09 21:48:43,213 [    374]   INFO - jps.cmdline.JpsModelLoaderImpl - Project has 1 modules, 0 libraries
2021-03-09 21:48:43,264 [    425]   INFO - m.intellij.util.io.StorageLock - lower=100; upper=500; buffer=10; max=680
2021-03-09 21:48:43,269 [    430]   INFO - tellij.util.io.FileChannelUtil - uninterruptible FileChannels will be used for indexes
2021-03-09 21:48:43,664 [      0]   INFO - etbrains.jps.cmdline.BuildMain - ==================================================
2021-03-09 21:48:43,664 [      0]   INFO - etbrains.jps.cmdline.BuildMain - Build process started. Classpath: /home/verobuckina/.gradle/caches/modules-2/files-2.1/com.jetbrains.intellij.idea/ideaIC/2020.3.2/13938c2ba003ffe980f450345eea516cd9c2375f/ideaIC-2020.3.2/plugins/java/lib/jps-launcher.jar
2021-03-09 21:48:43,822 [    158]   INFO - etbrains.jps.cmdline.BuildMain - Connection to IDE established in 128 ms
2021-03-09 21:48:43,850 [    186]   INFO -    #com.intellij.jna.JnaLoader - JNA library (64-bit) loaded in 22 ms
2021-03-09 21:48:43,889 [    225]   INFO - jps.cmdline.JpsModelLoaderImpl - Loading model: project path = /home/verobuckina/Desktop/Test, global options path = /media/verobuckina/Shared-Volume/Projects/ErrorPrinter/ErrorPrinterPlugin/build/idea-sandbox/config/options
2021-03-09 21:48:44,007 [    343]   INFO - jps.cmdline.JpsModelLoaderImpl - Model loaded in 118 ms
2021-03-09 21:48:44,008 [    344]   INFO - jps.cmdline.JpsModelLoaderImpl - Project has 1 modules, 0 libraries
2021-03-09 21:48:44,054 [    390]   INFO - m.intellij.util.io.StorageLock - lower=100; upper=500; buffer=10; max=680
2021-03-09 21:48:44,058 [    394]   INFO - tellij.util.io.FileChannelUtil - uninterruptible FileChannels will be used for indexes
2021-03-09 21:48:44,142 [    478]   INFO - etbrains.jps.cmdline.BuildMain - Pre-loaded process ready in 486 ms
2021-03-09 22:02:02,453 [      0]   INFO - etbrains.jps.cmdline.BuildMain - ==================================================
2021-03-09 22:02:02,454 [      1]   INFO - etbrains.jps.cmdline.BuildMain - Build process started. Classpath: /home/verobuckina/.gradle/caches/modules-2/files-2.1/com.jetbrains.intellij.idea/ideaIC/2020.3.2/13938c2ba003ffe980f450345eea516cd9c2375f/ideaIC-2020.3.2/plugins/java/lib/jps-launcher.jar
2021-03-09 22:02:02,592 [    139]   INFO - etbrains.jps.cmdline.BuildMain - Connection to IDE established in 114 ms
2021-03-09 22:02:02,689 [    236]   INFO - jps.cmdline.JpsModelLoaderImpl - Loading model: project path = /home/verobuckina/Desktop/Test, global options path = /media/verobuckina/Shared-Volume/Projects/ErrorPrinter/ErrorPrinterPlugin/build/idea-sandbox/config/options
2021-03-09 22:02:02,821 [    368]   INFO - jps.cmdline.JpsModelLoaderImpl - Model loaded in 132 ms
2021-03-09 22:02:02,822 [    369]   INFO - jps.cmdline.JpsModelLoaderImpl - Project has 1 modules, 0 libraries
2021-03-09 22:02:02,886 [    433]   INFO - m.intellij.util.io.StorageLock - lower=100; upper=500; buffer=10; max=680
2021-03-09 22:02:02,890 [    437]   INFO - tellij.util.io.FileChannelUtil - uninterruptible FileChannels will be used for indexes
2021-03-09 22:02:03,279 [      0]   INFO - etbrains.jps.cmdline.BuildMain - ==================================================
2021-03-09 22:02:03,279 [      0]   INFO - etbrains.jps.cmdline.BuildMain - Build process started. Classpath: /home/verobuckina/.gradle/caches/modules-2/files-2.1/com.jetbrains.intellij.idea/ideaIC/2020.3.2/13938c2ba003ffe980f450345eea516cd9c2375f/ideaIC-2020.3.2/plugins/java/lib/jps-launcher.jar
2021-03-09 22:02:03,440 [    161]   INFO - etbrains.jps.cmdline.BuildMain - Connection to IDE established in 129 ms
2021-03-09 22:02:03,470 [    191]   INFO -    #com.intellij.jna.JnaLoader - JNA library (64-bit) loaded in 25 ms
2021-03-09 22:02:03,519 [    240]   INFO - jps.cmdline.JpsModelLoaderImpl - Loading model: project path = /home/verobuckina/Desktop/Test, global options path = /media/verobuckina/Shared-Volume/Projects/ErrorPrinter/ErrorPrinterPlugin/build/idea-sandbox/config/options
2021-03-09 22:02:03,648 [    369]   INFO - jps.cmdline.JpsModelLoaderImpl - Model loaded in 128 ms
2021-03-09 22:02:03,648 [    369]   INFO - jps.cmdline.JpsModelLoaderImpl - Project has 1 modules, 0 libraries
2021-03-09 22:02:03,699 [    420]   INFO - m.intellij.util.io.StorageLock - lower=100; upper=500; buffer=10; max=680
2021-03-09 22:02:03,703 [    424]   INFO - tellij.util.io.FileChannelUtil - uninterruptible FileChannels will be used for indexes
2021-03-09 22:02:03,801 [    522]   INFO - etbrains.jps.cmdline.BuildMain - Pre-loaded process ready in 528 ms
2021-03-09 22:02:26,542 [  23263]   INFO - etbrains.jps.cmdline.BuildMain - Build canceled, but no build session is running. Exiting.
2021-03-09 22:05:53,202 [      0]   INFO - etbrains.jps.cmdline.BuildMain - ==================================================
2021-03-09 22:05:53,203 [      1]   INFO - etbrains.jps.cmdline.BuildMain - Build process started. Classpath: /home/verobuckina/.gradle/caches/modules-2/files-2.1/com.jetbrains.intellij.idea/ideaIC/2020.3.2/13938c2ba003ffe980f450345eea516cd9c2375f/ideaIC-2020.3.2/plugins/java/lib/jps-launcher.jar
2021-03-09 22:05:53,345 [    143]   INFO - etbrains.jps.cmdline.BuildMain - Connection to IDE established in 116 ms
2021-03-09 22:05:53,460 [    258]   INFO - jps.cmdline.JpsModelLoaderImpl - Loading model: project path = /home/verobuckina/Desktop/Test, global options path = /media/verobuckina/Shared-Volume/Projects/ErrorPrinter/ErrorPrinterPlugin/build/idea-sandbox/config/options
2021-03-09 22:05:53,588 [    386]   INFO - jps.cmdline.JpsModelLoaderImpl - Model loaded in 127 ms
2021-03-09 22:05:53,588 [    386]   INFO - jps.cmdline.JpsModelLoaderImpl - Project has 1 modules, 0 libraries
2021-03-09 22:05:53,647 [    445]   INFO - m.intellij.util.io.StorageLock - lower=100; upper=500; buffer=10; max=680
2021-03-09 22:05:53,652 [    450]   INFO - tellij.util.io.FileChannelUtil - uninterruptible FileChannels will be used for indexes
2021-03-09 22:05:54,141 [      0]   INFO - etbrains.jps.cmdline.BuildMain - ==================================================
2021-03-09 22:05:54,141 [      0]   INFO - etbrains.jps.cmdline.BuildMain - Build process started. Classpath: /home/verobuckina/.gradle/caches/modules-2/files-2.1/com.jetbrains.intellij.idea/ideaIC/2020.3.2/13938c2ba003ffe980f450345eea516cd9c2375f/ideaIC-2020.3.2/plugins/java/lib/jps-launcher.jar
2021-03-09 22:05:54,294 [    153]   INFO - etbrains.jps.cmdline.BuildMain - Connection to IDE established in 127 ms
2021-03-09 22:05:54,319 [    178]   INFO -    #com.intellij.jna.JnaLoader - JNA library (64-bit) loaded in 19 ms
2021-03-09 22:05:54,350 [    209]   INFO - jps.cmdline.JpsModelLoaderImpl - Loading model: project path = /home/verobuckina/Desktop/Test, global options path = /media/verobuckina/Shared-Volume/Projects/ErrorPrinter/ErrorPrinterPlugin/build/idea-sandbox/config/options
2021-03-09 22:05:54,482 [    341]   INFO - jps.cmdline.JpsModelLoaderImpl - Model loaded in 131 ms
2021-03-09 22:05:54,482 [    341]   INFO - jps.cmdline.JpsModelLoaderImpl - Project has 1 modules, 0 libraries
2021-03-09 22:05:54,550 [    409]   INFO - m.intellij.util.io.StorageLock - lower=100; upper=500; buffer=10; max=680
2021-03-09 22:05:54,555 [    414]   INFO - tellij.util.io.FileChannelUtil - uninterruptible FileChannels will be used for indexes
2021-03-09 22:05:54,644 [    503]   INFO - etbrains.jps.cmdline.BuildMain - Pre-loaded process ready in 509 ms
2021-03-09 22:06:33,301 [  39160]   INFO - etbrains.jps.cmdline.BuildMain - Build canceled, but no build session is running. Exiting.
